# JRE version: OpenJDK Runtime Environment (8.0_76-b03) (build 1.8.0_76-release-b03)
# Java VM: OpenJDK 64-Bit Server VM (25.76-b03 mixed mode windows-amd64 compressed oops)
Heap:
 PSYoungGen      total 215552K, used 81562K [0x00000000eab00000, 0x00000000fca80000, 0x0000000100000000)
  eden space 184320K, 44% used [0x00000000eab00000,0x00000000efaa68c0,0x00000000f5f00000)
  from space 31232K, 0% used [0x00000000f5f00000,0x00000000f5f00000,0x00000000f7d80000)
  to   space 34304K, 0% used [0x00000000fa900000,0x00000000fa900000,0x00000000fca80000)
 ParOldGen       total 169984K, used 50480K [0x00000000c0000000, 0x00000000ca600000, 0x00000000eab00000)
  object space 169984K, 29% used [0x00000000c0000000,0x00000000c314c080,0x00000000ca600000)
 Metaspace       used 58439K, capacity 60108K, committed 60312K, reserved 1101824K
  class space    used 7558K, capacity 7916K, committed 7936K, reserved 1048576K
GC Heap History (10 events):
Event: 20.073 GC heap before
{Heap before GC invocations=12 (full 2):
 PSYoungGen      total 139776K, used 138858K [0x00000000eab00000, 0x00000000f6200000, 0x0000000100000000)
  eden space 128000K, 100% used [0x00000000eab00000,0x00000000f2800000,0x00000000f2800000)
  from space 11776K, 92% used [0x00000000f2800000,0x00000000f329aa60,0x00000000f3380000)
  to   space 12288K, 0% used [0x00000000f5600000,0x00000000f5600000,0x00000000f6200000)
 ParOldGen       total 96256K, used 15496K [0x00000000c0000000, 0x00000000c5e00000, 0x00000000eab00000)
  object space 96256K, 16% used [0x00000000c0000000,0x00000000c0f221b0,0x00000000c5e00000)
 Metaspace       used 49404K, capacity 50904K, committed 50944K, reserved 1093632K
  class space    used 6595K, capacity 6878K, committed 6912K, reserved 1048576K
Event: 20.117 GC heap after
Heap after GC invocations=12 (full 2):
 PSYoungGen      total 171008K, used 12257K [0x00000000eab00000, 0x00000000f6800000, 0x0000000100000000)
  eden space 158720K, 0% used [0x00000000eab00000,0x00000000eab00000,0x00000000f4600000)
  from space 12288K, 99% used [0x00000000f5600000,0x00000000f61f84f0,0x00000000f6200000)
  to   space 16384K, 0% used [0x00000000f4600000,0x00000000f4600000,0x00000000f5600000)
 ParOldGen       total 96256K, used 23130K [0x00000000c0000000, 0x00000000c5e00000, 0x00000000eab00000)
  object space 96256K, 24% used [0x00000000c0000000,0x00000000c1696910,0x00000000c5e00000)
 Metaspace       used 49404K, capacity 50904K, committed 50944K, reserved 1093632K
  class space    used 6595K, capacity 6878K, committed 6912K, reserved 1048576K
}
Event: 27.426 GC heap before
{Heap before GC invocations=13 (full 2):
 PSYoungGen      total 171008K, used 170977K [0x00000000eab00000, 0x00000000f6800000, 0x0000000100000000)
  eden space 158720K, 100% used [0x00000000eab00000,0x00000000f4600000,0x00000000f4600000)
  from space 12288K, 99% used [0x00000000f5600000,0x00000000f61f84f0,0x00000000f6200000)
  to   space 16384K, 0% used [0x00000000f4600000,0x00000000f4600000,0x00000000f5600000)
 ParOldGen       total 96256K, used 23130K [0x00000000c0000000, 0x00000000c5e00000, 0x00000000eab00000)
  object space 96256K, 24% used [0x00000000c0000000,0x00000000c1696910,0x00000000c5e00000)
 Metaspace       used 50347K, capacity 51936K, committed 52096K, reserved 1093632K
  class space    used 6668K, capacity 6976K, committed 7040K, reserved 1048576K
Event: 27.465 GC heap after
Heap after GC invocations=13 (full 2):
 PSYoungGen      total 175104K, used 16353K [0x00000000eab00000, 0x00000000f9180000, 0x0000000100000000)
  eden space 158720K, 0% used [0x00000000eab00000,0x00000000eab00000,0x00000000f4600000)
  from space 16384K, 99% used [0x00000000f4600000,0x00000000f55f8708,0x00000000f5600000)
  to   space 20480K, 0% used [0x00000000f7d80000,0x00000000f7d80000,0x00000000f9180000)
 ParOldGen       total 96256K, used 28928K [0x00000000c0000000, 0x00000000c5e00000, 0x00000000eab00000)
  object space 96256K, 30% used [0x00000000c0000000,0x00000000c1c40058,0x00000000c5e00000)
 Metaspace       used 50347K, capacity 51936K, committed 52096K, reserved 1093632K
  class space    used 6668K, capacity 6976K, committed 7040K, reserved 1048576K
}
Event: 31.173 GC heap before
{Heap before GC invocations=14 (full 2):
 PSYoungGen      total 175104K, used 175073K [0x00000000eab00000, 0x00000000f9180000, 0x0000000100000000)
  eden space 158720K, 100% used [0x00000000eab00000,0x00000000f4600000,0x00000000f4600000)
  from space 16384K, 99% used [0x00000000f4600000,0x00000000f55f8708,0x00000000f5600000)
  to   space 20480K, 0% used [0x00000000f7d80000,0x00000000f7d80000,0x00000000f9180000)
 ParOldGen       total 96256K, used 28928K [0x00000000c0000000, 0x00000000c5e00000, 0x00000000eab00000)
  object space 96256K, 30% used [0x00000000c0000000,0x00000000c1c40058,0x00000000c5e00000)
 Metaspace       used 55475K, capacity 57072K, committed 57344K, reserved 1099776K
  class space    used 7275K, capacity 7628K, committed 7680K, reserved 1048576K
Event: 31.274 GC heap after
Heap after GC invocations=14 (full 2):
 PSYoungGen      total 204800K, used 20476K [0x00000000eab00000, 0x00000000faa00000, 0x0000000100000000)
  eden space 184320K, 0% used [0x00000000eab00000,0x00000000eab00000,0x00000000f5f00000)
  from space 20480K, 99% used [0x00000000f7d80000,0x00000000f917f368,0x00000000f9180000)
  to   space 31232K, 0% used [0x00000000f5f00000,0x00000000f5f00000,0x00000000f7d80000)
 ParOldGen       total 96256K, used 50403K [0x00000000c0000000, 0x00000000c5e00000, 0x00000000eab00000)
  object space 96256K, 52% used [0x00000000c0000000,0x00000000c3138eb0,0x00000000c5e00000)
 Metaspace       used 55475K, capacity 57072K, committed 57344K, reserved 1099776K
  class space    used 7275K, capacity 7628K, committed 7680K, reserved 1048576K
}
Event: 40.452 GC heap before
{Heap before GC invocations=15 (full 2):
 PSYoungGen      total 204800K, used 168383K [0x00000000eab00000, 0x00000000faa00000, 0x0000000100000000)
  eden space 184320K, 80% used [0x00000000eab00000,0x00000000f3b70ab8,0x00000000f5f00000)
  from space 20480K, 99% used [0x00000000f7d80000,0x00000000f917f368,0x00000000f9180000)
  to   space 31232K, 0% used [0x00000000f5f00000,0x00000000f5f00000,0x00000000f7d80000)
 ParOldGen       total 96256K, used 50403K [0x00000000c0000000, 0x00000000c5e00000, 0x00000000eab00000)
  object space 96256K, 52% used [0x00000000c0000000,0x00000000c3138eb0,0x00000000c5e00000)
 Metaspace       used 57490K, capacity 59066K, committed 59160K, reserved 1101824K
  class space    used 7451K, capacity 7770K, committed 7808K, reserved 1048576K
Event: 40.508 GC heap after
Heap after GC invocations=15 (full 2):
 PSYoungGen      total 215552K, used 26713K [0x00000000eab00000, 0x00000000fca80000, 0x0000000100000000)
  eden space 184320K, 0% used [0x00000000eab00000,0x00000000eab00000,0x00000000f5f00000)
  from space 31232K, 85% used [0x00000000f5f00000,0x00000000f7916760,0x00000000f7d80000)
  to   space 34304K, 0% used [0x00000000fa900000,0x00000000fa900000,0x00000000fca80000)
 ParOldGen       total 96256K, used 60451K [0x00000000c0000000, 0x00000000c5e00000, 0x00000000eab00000)
  object space 96256K, 62% used [0x00000000c0000000,0x00000000c3b08e28,0x00000000c5e00000)
 Metaspace       used 57490K, capacity 59066K, committed 59160K, reserved 1101824K
  class space    used 7451K, capacity 7770K, committed 7808K, reserved 1048576K
}
Event: 40.508 GC heap before
{Heap before GC invocations=16 (full 3):
 PSYoungGen      total 215552K, used 26713K [0x00000000eab00000, 0x00000000fca80000, 0x0000000100000000)
  eden space 184320K, 0% used [0x00000000eab00000,0x00000000eab00000,0x00000000f5f00000)
  from space 31232K, 85% used [0x00000000f5f00000,0x00000000f7916760,0x00000000f7d80000)
  to   space 34304K, 0% used [0x00000000fa900000,0x00000000fa900000,0x00000000fca80000)
 ParOldGen       total 96256K, used 60451K [0x00000000c0000000, 0x00000000c5e00000, 0x00000000eab00000)
  object space 96256K, 62% used [0x00000000c0000000,0x00000000c3b08e28,0x00000000c5e00000)
 Metaspace       used 57490K, capacity 59066K, committed 59160K, reserved 1101824K
  class space    used 7451K, capacity 7770K, committed 7808K, reserved 1048576K
Event: 41.015 GC heap after
Heap after GC invocations=16 (full 3):
 PSYoungGen      total 215552K, used 0K [0x00000000eab00000, 0x00000000fca80000, 0x0000000100000000)
  eden space 184320K, 0% used [0x00000000eab00000,0x00000000eab00000,0x00000000f5f00000)
  from space 31232K, 0% used [0x00000000f5f00000,0x00000000f5f00000,0x00000000f7d80000)
  to   space 34304K, 0% used [0x00000000fa900000,0x00000000fa900000,0x00000000fca80000)
 ParOldGen       total 169984K, used 50480K [0x00000000c0000000, 0x00000000ca600000, 0x00000000eab00000)
  object space 169984K, 29% used [0x00000000c0000000,0x00000000c314c080,0x00000000ca600000)
 Metaspace       used 57376K, capacity 58894K, committed 59160K, reserved 1101824K
  class space    used 7434K, capacity 7730K, committed 7808K, reserved 1048576K
}

