# JRE version: OpenJDK Runtime Environment (8.0_76-b03) (build 1.8.0_76-release-b03)
# Java VM: OpenJDK 64-Bit Server VM (25.76-b03 mixed mode windows-amd64 compressed oops)
Heap:
 PSYoungGen      total 244736K, used 184733K [0x00000000eab00000, 0x0000000100000000, 0x0000000100000000)
  eden space 198656K, 69% used [0x00000000eab00000,0x00000000f32c0fd0,0x00000000f6d00000)
  from space 46080K, 99% used [0x00000000f6d00000,0x00000000f99a6498,0x00000000f9a00000)
  to   space 77312K, 0% used [0x00000000fb480000,0x00000000fb480000,0x0000000100000000)
 ParOldGen       total 223232K, used 98833K [0x00000000c0000000, 0x00000000cda00000, 0x00000000eab00000)
  object space 223232K, 44% used [0x00000000c0000000,0x00000000c6084520,0x00000000cda00000)
 Metaspace       used 63059K, capacity 65294K, committed 65536K, reserved 1105920K
  class space    used 7949K, capacity 8407K, committed 8448K, reserved 1048576K
GC Heap History (10 events):
Event: 64.562 GC heap before
{Heap before GC invocations=17 (full 3):
 PSYoungGen      total 228352K, used 213641K [0x00000000eab00000, 0x0000000100000000, 0x0000000100000000)
  eden space 198144K, 94% used [0x00000000eab00000,0x00000000f62b9e70,0x00000000f6c80000)
  from space 30208K, 84% used [0x00000000f6c80000,0x00000000f8568610,0x00000000f8a00000)
  to   space 53248K, 0% used [0x00000000fcc00000,0x00000000fcc00000,0x0000000100000000)
 ParOldGen       total 223232K, used 96117K [0x00000000c0000000, 0x00000000cda00000, 0x00000000eab00000)
  object space 223232K, 43% used [0x00000000c0000000,0x00000000c5ddd440,0x00000000cda00000)
 Metaspace       used 60009K, capacity 61774K, committed 62080K, reserved 1103872K
  class space    used 7686K, capacity 8037K, committed 8064K, reserved 1048576K
Event: 64.660 GC heap after
Heap after GC invocations=17 (full 3):
 PSYoungGen      total 297472K, used 24788K [0x00000000eab00000, 0x0000000100000000, 0x0000000100000000)
  eden space 244224K, 0% used [0x00000000eab00000,0x00000000eab00000,0x00000000f9980000)
  from space 53248K, 46% used [0x00000000fcc00000,0x00000000fe435058,0x0000000100000000)
  to   space 51712K, 0% used [0x00000000f9980000,0x00000000f9980000,0x00000000fcc00000)
 ParOldGen       total 223232K, used 120575K [0x00000000c0000000, 0x00000000cda00000, 0x00000000eab00000)
  object space 223232K, 54% used [0x00000000c0000000,0x00000000c75bfcb0,0x00000000cda00000)
 Metaspace       used 60009K, capacity 61774K, committed 62080K, reserved 1103872K
  class space    used 7686K, capacity 8037K, committed 8064K, reserved 1048576K
}
Event: 64.660 GC heap before
{Heap before GC invocations=18 (full 4):
 PSYoungGen      total 297472K, used 24788K [0x00000000eab00000, 0x0000000100000000, 0x0000000100000000)
  eden space 244224K, 0% used [0x00000000eab00000,0x00000000eab00000,0x00000000f9980000)
  from space 53248K, 46% used [0x00000000fcc00000,0x00000000fe435058,0x0000000100000000)
  to   space 51712K, 0% used [0x00000000f9980000,0x00000000f9980000,0x00000000fcc00000)
 ParOldGen       total 223232K, used 120575K [0x00000000c0000000, 0x00000000cda00000, 0x00000000eab00000)
  object space 223232K, 54% used [0x00000000c0000000,0x00000000c75bfcb0,0x00000000cda00000)
 Metaspace       used 60009K, capacity 61774K, committed 62080K, reserved 1103872K
  class space    used 7686K, capacity 8037K, committed 8064K, reserved 1048576K
Event: 64.994 GC heap after
Heap after GC invocations=18 (full 4):
 PSYoungGen      total 297472K, used 0K [0x00000000eab00000, 0x0000000100000000, 0x0000000100000000)
  eden space 244224K, 0% used [0x00000000eab00000,0x00000000eab00000,0x00000000f9980000)
  from space 53248K, 0% used [0x00000000fcc00000,0x00000000fcc00000,0x0000000100000000)
  to   space 51712K, 0% used [0x00000000f9980000,0x00000000f9980000,0x00000000fcc00000)
 ParOldGen       total 223232K, used 46062K [0x00000000c0000000, 0x00000000cda00000, 0x00000000eab00000)
  object space 223232K, 20% used [0x00000000c0000000,0x00000000c2cfb8c8,0x00000000cda00000)
 Metaspace       used 59892K, capacity 61596K, committed 62080K, reserved 1103872K
  class space    used 7668K, capacity 7996K, committed 8064K, reserved 1048576K
}
Event: 2637.168 GC heap before
{Heap before GC invocations=19 (full 4):
 PSYoungGen      total 297472K, used 244224K [0x00000000eab00000, 0x0000000100000000, 0x0000000100000000)
  eden space 244224K, 100% used [0x00000000eab00000,0x00000000f9980000,0x00000000f9980000)
  from space 53248K, 0% used [0x00000000fcc00000,0x00000000fcc00000,0x0000000100000000)
  to   space 51712K, 0% used [0x00000000f9980000,0x00000000f9980000,0x00000000fcc00000)
 ParOldGen       total 223232K, used 46062K [0x00000000c0000000, 0x00000000cda00000, 0x00000000eab00000)
  object space 223232K, 20% used [0x00000000c0000000,0x00000000c2cfb8c8,0x00000000cda00000)
 Metaspace       used 61288K, capacity 63212K, committed 63488K, reserved 1103872K
  class space    used 7788K, capacity 8128K, committed 8192K, reserved 1048576K
Event: 2637.189 GC heap after
Heap after GC invocations=19 (full 4):
 PSYoungGen      total 254464K, used 10132K [0x00000000eab00000, 0x00000000ffb80000, 0x0000000100000000)
  eden space 244224K, 0% used [0x00000000eab00000,0x00000000eab00000,0x00000000f9980000)
  from space 10240K, 98% used [0x00000000f9980000,0x00000000fa365318,0x00000000fa380000)
  to   space 50176K, 0% used [0x00000000fca80000,0x00000000fca80000,0x00000000ffb80000)
 ParOldGen       total 223232K, used 46070K [0x00000000c0000000, 0x00000000cda00000, 0x00000000eab00000)
  object space 223232K, 20% used [0x00000000c0000000,0x00000000c2cfd8c8,0x00000000cda00000)
 Metaspace       used 61288K, capacity 63212K, committed 63488K, reserved 1103872K
  class space    used 7788K, capacity 8128K, committed 8192K, reserved 1048576K
}
Event: 2639.101 GC heap before
{Heap before GC invocations=20 (full 4):
 PSYoungGen      total 254464K, used 254356K [0x00000000eab00000, 0x00000000ffb80000, 0x0000000100000000)
  eden space 244224K, 100% used [0x00000000eab00000,0x00000000f9980000,0x00000000f9980000)
  from space 10240K, 98% used [0x00000000f9980000,0x00000000fa365318,0x00000000fa380000)
  to   space 50176K, 0% used [0x00000000fca80000,0x00000000fca80000,0x00000000ffb80000)
 ParOldGen       total 223232K, used 46070K [0x00000000c0000000, 0x00000000cda00000, 0x00000000eab00000)
  object space 223232K, 20% used [0x00000000c0000000,0x00000000c2cfd8c8,0x00000000cda00000)
 Metaspace       used 61455K, capacity 63454K, committed 63488K, reserved 1103872K
  class space    used 7806K, capacity 8169K, committed 8192K, reserved 1048576K
Event: 2639.223 GC heap after
Heap after GC invocations=20 (full 4):
 PSYoungGen      total 248832K, used 50147K [0x00000000eab00000, 0x0000000100000000, 0x0000000100000000)
  eden space 198656K, 0% used [0x00000000eab00000,0x00000000eab00000,0x00000000f6d00000)
  from space 50176K, 99% used [0x00000000fca80000,0x00000000ffb78e00,0x00000000ffb80000)
  to   space 75264K, 0% used [0x00000000f6d00000,0x00000000f6d00000,0x00000000fb680000)
 ParOldGen       total 223232K, used 90353K [0x00000000c0000000, 0x00000000cda00000, 0x00000000eab00000)
  object space 223232K, 40% used [0x00000000c0000000,0x00000000c583c798,0x00000000cda00000)
 Metaspace       used 61455K, capacity 63454K, committed 63488K, reserved 1103872K
  class space    used 7806K, capacity 8169K, committed 8192K, reserved 1048576K
}
Event: 2643.665 GC heap before
{Heap before GC invocations=21 (full 4):
 PSYoungGen      total 248832K, used 248803K [0x00000000eab00000, 0x0000000100000000, 0x0000000100000000)
  eden space 198656K, 100% used [0x00000000eab00000,0x00000000f6d00000,0x00000000f6d00000)
  from space 50176K, 99% used [0x00000000fca80000,0x00000000ffb78e00,0x00000000ffb80000)
  to   space 75264K, 0% used [0x00000000f6d00000,0x00000000f6d00000,0x00000000fb680000)
 ParOldGen       total 223232K, used 90353K [0x00000000c0000000, 0x00000000cda00000, 0x00000000eab00000)
  object space 223232K, 40% used [0x00000000c0000000,0x00000000c583c798,0x00000000cda00000)
 Metaspace       used 61876K, capacity 63934K, committed 64128K, reserved 1105920K
  class space    used 7813K, capacity 8201K, committed 8320K, reserved 1048576K
Event: 2643.746 GC heap after
Heap after GC invocations=21 (full 4):
 PSYoungGen      total 244736K, used 45721K [0x00000000eab00000, 0x0000000100000000, 0x0000000100000000)
  eden space 198656K, 0% used [0x00000000eab00000,0x00000000eab00000,0x00000000f6d00000)
  from space 46080K, 99% used [0x00000000f6d00000,0x00000000f99a6498,0x00000000f9a00000)
  to   space 77312K, 0% used [0x00000000fb480000,0x00000000fb480000,0x0000000100000000)
 ParOldGen       total 223232K, used 98833K [0x00000000c0000000, 0x00000000cda00000, 0x00000000eab00000)
  object space 223232K, 44% used [0x00000000c0000000,0x00000000c6084520,0x00000000cda00000)
 Metaspace       used 61876K, capacity 63934K, committed 64128K, reserved 1105920K
  class space    used 7813K, capacity 8201K, committed 8320K, reserved 1048576K
}

