# JRE version: OpenJDK Runtime Environment (8.0_76-b03) (build 1.8.0_76-release-b03)
# Java VM: OpenJDK 64-Bit Server VM (25.76-b03 mixed mode windows-amd64 compressed oops)
Heap:
 PSYoungGen      total 147456K, used 62544K [0x00000000eab00000, 0x00000000fb080000, 0x0000000100000000)
  eden space 89600K, 5% used [0x00000000eab00000,0x00000000eaf94aa8,0x00000000f0280000)
  from space 57856K, 99% used [0x00000000f0280000,0x00000000f3aff6c0,0x00000000f3b00000)
  to   space 72192K, 0% used [0x00000000f6a00000,0x00000000f6a00000,0x00000000fb080000)
 ParOldGen       total 156160K, used 90415K [0x00000000c0000000, 0x00000000c9880000, 0x00000000eab00000)
  object space 156160K, 57% used [0x00000000c0000000,0x00000000c584bc20,0x00000000c9880000)
 Metaspace       used 6014K, capacity 7088K, committed 7296K, reserved 1060864K
  class space    used 563K, capacity 616K, committed 640K, reserved 1048576K
GC Heap History (10 events):
Event: 5.924 GC heap before
{Heap before GC invocations=7 (full 2):
 PSYoungGen      total 50176K, used 45056K [0x00000000eab00000, 0x00000000eea80000, 0x0000000100000000)
  eden space 45056K, 100% used [0x00000000eab00000,0x00000000ed700000,0x00000000ed700000)
  from space 5120K, 0% used [0x00000000edc00000,0x00000000edc00000,0x00000000ee100000)
  to   space 5120K, 0% used [0x00000000ed700000,0x00000000ed700000,0x00000000edc00000)
 ParOldGen       total 156160K, used 43152K [0x00000000c0000000, 0x00000000c9880000, 0x00000000eab00000)
  object space 156160K, 27% used [0x00000000c0000000,0x00000000c2a241d8,0x00000000c9880000)
 Metaspace       used 5871K, capacity 6960K, committed 7040K, reserved 1058816K
  class space    used 561K, capacity 616K, committed 640K, reserved 1048576K
Event: 5.953 GC heap after
Heap after GC invocations=7 (full 2):
 PSYoungGen      total 50176K, used 5107K [0x00000000eab00000, 0x00000000f2b00000, 0x0000000100000000)
  eden space 45056K, 0% used [0x00000000eab00000,0x00000000eab00000,0x00000000ed700000)
  from space 5120K, 99% used [0x00000000ed700000,0x00000000edbfcea8,0x00000000edc00000)
  to   space 30720K, 0% used [0x00000000f0d00000,0x00000000f0d00000,0x00000000f2b00000)
 ParOldGen       total 156160K, used 52430K [0x00000000c0000000, 0x00000000c9880000, 0x00000000eab00000)
  object space 156160K, 33% used [0x00000000c0000000,0x00000000c3333a78,0x00000000c9880000)
 Metaspace       used 5871K, capacity 6960K, committed 7040K, reserved 1058816K
  class space    used 561K, capacity 616K, committed 640K, reserved 1048576K
}
Event: 6.643 GC heap before
{Heap before GC invocations=8 (full 2):
 PSYoungGen      total 50176K, used 50163K [0x00000000eab00000, 0x00000000f2b00000, 0x0000000100000000)
  eden space 45056K, 100% used [0x00000000eab00000,0x00000000ed700000,0x00000000ed700000)
  from space 5120K, 99% used [0x00000000ed700000,0x00000000edbfcea8,0x00000000edc00000)
  to   space 30720K, 0% used [0x00000000f0d00000,0x00000000f0d00000,0x00000000f2b00000)
 ParOldGen       total 156160K, used 52430K [0x00000000c0000000, 0x00000000c9880000, 0x00000000eab00000)
  object space 156160K, 33% used [0x00000000c0000000,0x00000000c3333a78,0x00000000c9880000)
 Metaspace       used 5890K, capacity 6960K, committed 7040K, reserved 1058816K
  class space    used 561K, capacity 616K, committed 640K, reserved 1048576K
Event: 6.671 GC heap after
Heap after GC invocations=8 (full 2):
 PSYoungGen      total 98304K, used 20370K [0x00000000eab00000, 0x00000000f2a80000, 0x0000000100000000)
  eden space 68096K, 0% used [0x00000000eab00000,0x00000000eab00000,0x00000000eed80000)
  from space 30208K, 67% used [0x00000000f0d00000,0x00000000f20e4b50,0x00000000f2a80000)
  to   space 31232K, 0% used [0x00000000eed80000,0x00000000eed80000,0x00000000f0c00000)
 ParOldGen       total 156160K, used 52430K [0x00000000c0000000, 0x00000000c9880000, 0x00000000eab00000)
  object space 156160K, 33% used [0x00000000c0000000,0x00000000c3333a78,0x00000000c9880000)
 Metaspace       used 5890K, capacity 6960K, committed 7040K, reserved 1058816K
  class space    used 561K, capacity 616K, committed 640K, reserved 1048576K
}
Event: 8.076 GC heap before
{Heap before GC invocations=9 (full 2):
 PSYoungGen      total 98304K, used 88466K [0x00000000eab00000, 0x00000000f2a80000, 0x0000000100000000)
  eden space 68096K, 100% used [0x00000000eab00000,0x00000000eed80000,0x00000000eed80000)
  from space 30208K, 67% used [0x00000000f0d00000,0x00000000f20e4b50,0x00000000f2a80000)
  to   space 31232K, 0% used [0x00000000eed80000,0x00000000eed80000,0x00000000f0c00000)
 ParOldGen       total 156160K, used 52430K [0x00000000c0000000, 0x00000000c9880000, 0x00000000eab00000)
  object space 156160K, 33% used [0x00000000c0000000,0x00000000c3333a78,0x00000000c9880000)
 Metaspace       used 5936K, capacity 7024K, committed 7296K, reserved 1060864K
  class space    used 562K, capacity 616K, committed 640K, reserved 1048576K
Event: 8.202 GC heap after
Heap after GC invocations=9 (full 2):
 PSYoungGen      total 99328K, used 31208K [0x00000000eab00000, 0x00000000f6700000, 0x0000000100000000)
  eden space 68096K, 0% used [0x00000000eab00000,0x00000000eab00000,0x00000000eed80000)
  from space 31232K, 99% used [0x00000000eed80000,0x00000000f0bfa108,0x00000000f0c00000)
  to   space 45056K, 0% used [0x00000000f3b00000,0x00000000f3b00000,0x00000000f6700000)
 ParOldGen       total 156160K, used 68651K [0x00000000c0000000, 0x00000000c9880000, 0x00000000eab00000)
  object space 156160K, 43% used [0x00000000c0000000,0x00000000c430aca8,0x00000000c9880000)
 Metaspace       used 5936K, capacity 7024K, committed 7296K, reserved 1060864K
  class space    used 562K, capacity 616K, committed 640K, reserved 1048576K
}
Event: 9.469 GC heap before
{Heap before GC invocations=10 (full 2):
 PSYoungGen      total 99328K, used 99304K [0x00000000eab00000, 0x00000000f6700000, 0x0000000100000000)
  eden space 68096K, 100% used [0x00000000eab00000,0x00000000eed80000,0x00000000eed80000)
  from space 31232K, 99% used [0x00000000eed80000,0x00000000f0bfa108,0x00000000f0c00000)
  to   space 45056K, 0% used [0x00000000f3b00000,0x00000000f3b00000,0x00000000f6700000)
 ParOldGen       total 156160K, used 68651K [0x00000000c0000000, 0x00000000c9880000, 0x00000000eab00000)
  object space 156160K, 43% used [0x00000000c0000000,0x00000000c430aca8,0x00000000c9880000)
 Metaspace       used 5937K, capacity 7024K, committed 7296K, reserved 1060864K
  class space    used 563K, capacity 616K, committed 640K, reserved 1048576K
Event: 10.312 GC heap after
Heap after GC invocations=10 (full 2):
 PSYoungGen      total 134656K, used 45036K [0x00000000eab00000, 0x00000000f8a80000, 0x0000000100000000)
  eden space 89600K, 0% used [0x00000000eab00000,0x00000000eab00000,0x00000000f0280000)
  from space 45056K, 99% used [0x00000000f3b00000,0x00000000f66fb250,0x00000000f6700000)
  to   space 57856K, 0% used [0x00000000f0280000,0x00000000f0280000,0x00000000f3b00000)
 ParOldGen       total 156160K, used 79752K [0x00000000c0000000, 0x00000000c9880000, 0x00000000eab00000)
  object space 156160K, 51% used [0x00000000c0000000,0x00000000c4de22e8,0x00000000c9880000)
 Metaspace       used 5937K, capacity 7024K, committed 7296K, reserved 1060864K
  class space    used 563K, capacity 616K, committed 640K, reserved 1048576K
}
Event: 13.875 GC heap before
{Heap before GC invocations=11 (full 2):
 PSYoungGen      total 134656K, used 134636K [0x00000000eab00000, 0x00000000f8a80000, 0x0000000100000000)
  eden space 89600K, 100% used [0x00000000eab00000,0x00000000f0280000,0x00000000f0280000)
  from space 45056K, 99% used [0x00000000f3b00000,0x00000000f66fb250,0x00000000f6700000)
  to   space 57856K, 0% used [0x00000000f0280000,0x00000000f0280000,0x00000000f3b00000)
 ParOldGen       total 156160K, used 79752K [0x00000000c0000000, 0x00000000c9880000, 0x00000000eab00000)
  object space 156160K, 51% used [0x00000000c0000000,0x00000000c4de22e8,0x00000000c9880000)
 Metaspace       used 5978K, capacity 7024K, committed 7296K, reserved 1060864K
  class space    used 563K, capacity 616K, committed 640K, reserved 1048576K
Event: 14.113 GC heap after
Heap after GC invocations=11 (full 2):
 PSYoungGen      total 147456K, used 57853K [0x00000000eab00000, 0x00000000fb080000, 0x0000000100000000)
  eden space 89600K, 0% used [0x00000000eab00000,0x00000000eab00000,0x00000000f0280000)
  from space 57856K, 99% used [0x00000000f0280000,0x00000000f3aff6c0,0x00000000f3b00000)
  to   space 72192K, 0% used [0x00000000f6a00000,0x00000000f6a00000,0x00000000fb080000)
 ParOldGen       total 156160K, used 90415K [0x00000000c0000000, 0x00000000c9880000, 0x00000000eab00000)
  object space 156160K, 57% used [0x00000000c0000000,0x00000000c584bc20,0x00000000c9880000)
 Metaspace       used 5978K, capacity 7024K, committed 7296K, reserved 1060864K
  class space    used 563K, capacity 616K, committed 640K, reserved 1048576K
}

