# JRE version: OpenJDK Runtime Environment (8.0_76-b03) (build 1.8.0_76-release-b03)
# Java VM: OpenJDK 64-Bit Server VM (25.76-b03 mixed mode windows-amd64 compressed oops)
Heap:
 PSYoungGen      total 274432K, used 15630K [0x00000000eab00000, 0x0000000100000000, 0x0000000100000000)
  eden space 234496K, 6% used [0x00000000eab00000,0x00000000eba43b18,0x00000000f9000000)
  from space 39936K, 0% used [0x00000000fcf00000,0x00000000fcf00000,0x00000000ff600000)
  to   space 57344K, 0% used [0x00000000f9000000,0x00000000f9000000,0x00000000fc800000)
 ParOldGen       total 166912K, used 87071K [0x00000000c0000000, 0x00000000ca300000, 0x00000000eab00000)
  object space 166912K, 52% used [0x00000000c0000000,0x00000000c5507e98,0x00000000ca300000)
 Metaspace       used 6088K, capacity 7152K, committed 7296K, reserved 1056768K
  class space    used 567K, capacity 616K, committed 640K, reserved 1048576K
GC Heap History (10 events):
Event: 6.172 GC heap before
{Heap before GC invocations=5 (full 0):
 PSYoungGen      total 71680K, used 71680K [0x00000000eab00000, 0x00000000ef600000, 0x0000000100000000)
  eden space 66560K, 100% used [0x00000000eab00000,0x00000000eec00000,0x00000000eec00000)
  from space 5120K, 100% used [0x00000000ef100000,0x00000000ef600000,0x00000000ef600000)
  to   space 5120K, 0% used [0x00000000eec00000,0x00000000eec00000,0x00000000ef100000)
 ParOldGen       total 87552K, used 15839K [0x00000000c0000000, 0x00000000c5580000, 0x00000000eab00000)
  object space 87552K, 18% used [0x00000000c0000000,0x00000000c0f77f48,0x00000000c5580000)
 Metaspace       used 6043K, capacity 7152K, committed 7296K, reserved 1056768K
  class space    used 564K, capacity 616K, committed 640K, reserved 1048576K
Event: 6.231 GC heap after
Heap after GC invocations=5 (full 0):
 PSYoungGen      total 71680K, used 5099K [0x00000000eab00000, 0x00000000f4e00000, 0x0000000100000000)
  eden space 66560K, 0% used [0x00000000eab00000,0x00000000eab00000,0x00000000eec00000)
  from space 5120K, 99% used [0x00000000eec00000,0x00000000ef0fad18,0x00000000ef100000)
  to   space 16896K, 0% used [0x00000000f3d80000,0x00000000f3d80000,0x00000000f4e00000)
 ParOldGen       total 87552K, used 27133K [0x00000000c0000000, 0x00000000c5580000, 0x00000000eab00000)
  object space 87552K, 30% used [0x00000000c0000000,0x00000000c1a7f628,0x00000000c5580000)
 Metaspace       used 6043K, capacity 7152K, committed 7296K, reserved 1056768K
  class space    used 564K, capacity 616K, committed 640K, reserved 1048576K
}
Event: 6.610 GC heap before
{Heap before GC invocations=6 (full 0):
 PSYoungGen      total 71680K, used 71659K [0x00000000eab00000, 0x00000000f4e00000, 0x0000000100000000)
  eden space 66560K, 100% used [0x00000000eab00000,0x00000000eec00000,0x00000000eec00000)
  from space 5120K, 99% used [0x00000000eec00000,0x00000000ef0fad18,0x00000000ef100000)
  to   space 16896K, 0% used [0x00000000f3d80000,0x00000000f3d80000,0x00000000f4e00000)
 ParOldGen       total 87552K, used 27133K [0x00000000c0000000, 0x00000000c5580000, 0x00000000eab00000)
  object space 87552K, 30% used [0x00000000c0000000,0x00000000c1a7f628,0x00000000c5580000)
 Metaspace       used 6055K, capacity 7152K, committed 7296K, reserved 1056768K
  class space    used 564K, capacity 616K, committed 640K, reserved 1048576K
Event: 6.707 GC heap after
Heap after GC invocations=6 (full 0):
 PSYoungGen      total 146432K, used 16895K [0x00000000eab00000, 0x00000000f5500000, 0x0000000100000000)
  eden space 129536K, 0% used [0x00000000eab00000,0x00000000eab00000,0x00000000f2980000)
  from space 16896K, 99% used [0x00000000f3d80000,0x00000000f4dfff70,0x00000000f4e00000)
  to   space 20480K, 0% used [0x00000000f2980000,0x00000000f2980000,0x00000000f3d80000)
 ParOldGen       total 87552K, used 28426K [0x00000000c0000000, 0x00000000c5580000, 0x00000000eab00000)
  object space 87552K, 32% used [0x00000000c0000000,0x00000000c1bc2b70,0x00000000c5580000)
 Metaspace       used 6055K, capacity 7152K, committed 7296K, reserved 1056768K
  class space    used 564K, capacity 616K, committed 640K, reserved 1048576K
}
Event: 8.057 GC heap before
{Heap before GC invocations=7 (full 0):
 PSYoungGen      total 146432K, used 146431K [0x00000000eab00000, 0x00000000f5500000, 0x0000000100000000)
  eden space 129536K, 100% used [0x00000000eab00000,0x00000000f2980000,0x00000000f2980000)
  from space 16896K, 99% used [0x00000000f3d80000,0x00000000f4dfff70,0x00000000f4e00000)
  to   space 20480K, 0% used [0x00000000f2980000,0x00000000f2980000,0x00000000f3d80000)
 ParOldGen       total 87552K, used 28426K [0x00000000c0000000, 0x00000000c5580000, 0x00000000eab00000)
  object space 87552K, 32% used [0x00000000c0000000,0x00000000c1bc2b70,0x00000000c5580000)
 Metaspace       used 6083K, capacity 7152K, committed 7296K, reserved 1056768K
  class space    used 566K, capacity 616K, committed 640K, reserved 1048576K
Event: 8.218 GC heap after
Heap after GC invocations=7 (full 0):
 PSYoungGen      total 150016K, used 20452K [0x00000000eab00000, 0x00000000ff600000, 0x0000000100000000)
  eden space 129536K, 0% used [0x00000000eab00000,0x00000000eab00000,0x00000000f2980000)
  from space 20480K, 99% used [0x00000000f2980000,0x00000000f3d79350,0x00000000f3d80000)
  to   space 39936K, 0% used [0x00000000fcf00000,0x00000000fcf00000,0x00000000ff600000)
 ParOldGen       total 87552K, used 61614K [0x00000000c0000000, 0x00000000c5580000, 0x00000000eab00000)
  object space 87552K, 70% used [0x00000000c0000000,0x00000000c3c2b9a8,0x00000000c5580000)
 Metaspace       used 6083K, capacity 7152K, committed 7296K, reserved 1056768K
  class space    used 566K, capacity 616K, committed 640K, reserved 1048576K
}
Event: 10.999 GC heap before
{Heap before GC invocations=8 (full 0):
 PSYoungGen      total 150016K, used 149988K [0x00000000eab00000, 0x00000000ff600000, 0x0000000100000000)
  eden space 129536K, 100% used [0x00000000eab00000,0x00000000f2980000,0x00000000f2980000)
  from space 20480K, 99% used [0x00000000f2980000,0x00000000f3d79350,0x00000000f3d80000)
  to   space 39936K, 0% used [0x00000000fcf00000,0x00000000fcf00000,0x00000000ff600000)
 ParOldGen       total 87552K, used 61614K [0x00000000c0000000, 0x00000000c5580000, 0x00000000eab00000)
  object space 87552K, 70% used [0x00000000c0000000,0x00000000c3c2b9a8,0x00000000c5580000)
 Metaspace       used 6088K, capacity 7152K, committed 7296K, reserved 1056768K
  class space    used 567K, capacity 616K, committed 640K, reserved 1048576K
Event: 11.471 GC heap after
Heap after GC invocations=8 (full 0):
 PSYoungGen      total 274432K, used 39910K [0x00000000eab00000, 0x0000000100000000, 0x0000000100000000)
  eden space 234496K, 0% used [0x00000000eab00000,0x00000000eab00000,0x00000000f9000000)
  from space 39936K, 99% used [0x00000000fcf00000,0x00000000ff5f9930,0x00000000ff600000)
  to   space 57344K, 0% used [0x00000000f9000000,0x00000000f9000000,0x00000000fc800000)
 ParOldGen       total 87552K, used 85069K [0x00000000c0000000, 0x00000000c5580000, 0x00000000eab00000)
  object space 87552K, 97% used [0x00000000c0000000,0x00000000c53136d0,0x00000000c5580000)
 Metaspace       used 6088K, capacity 7152K, committed 7296K, reserved 1056768K
  class space    used 567K, capacity 616K, committed 640K, reserved 1048576K
}
Event: 11.471 GC heap before
{Heap before GC invocations=9 (full 1):
 PSYoungGen      total 274432K, used 39910K [0x00000000eab00000, 0x0000000100000000, 0x0000000100000000)
  eden space 234496K, 0% used [0x00000000eab00000,0x00000000eab00000,0x00000000f9000000)
  from space 39936K, 99% used [0x00000000fcf00000,0x00000000ff5f9930,0x00000000ff600000)
  to   space 57344K, 0% used [0x00000000f9000000,0x00000000f9000000,0x00000000fc800000)
 ParOldGen       total 87552K, used 85069K [0x00000000c0000000, 0x00000000c5580000, 0x00000000eab00000)
  object space 87552K, 97% used [0x00000000c0000000,0x00000000c53136d0,0x00000000c5580000)
 Metaspace       used 6088K, capacity 7152K, committed 7296K, reserved 1056768K
  class space    used 567K, capacity 616K, committed 640K, reserved 1048576K
Event: 12.917 GC heap after
Heap after GC invocations=9 (full 1):
 PSYoungGen      total 274432K, used 0K [0x00000000eab00000, 0x0000000100000000, 0x0000000100000000)
  eden space 234496K, 0% used [0x00000000eab00000,0x00000000eab00000,0x00000000f9000000)
  from space 39936K, 0% used [0x00000000fcf00000,0x00000000fcf00000,0x00000000ff600000)
  to   space 57344K, 0% used [0x00000000f9000000,0x00000000f9000000,0x00000000fc800000)
 ParOldGen       total 166912K, used 87071K [0x00000000c0000000, 0x00000000ca300000, 0x00000000eab00000)
  object space 166912K, 52% used [0x00000000c0000000,0x00000000c5507e98,0x00000000ca300000)
 Metaspace       used 6088K, capacity 7152K, committed 7296K, reserved 1056768K
  class space    used 567K, capacity 616K, committed 640K, reserved 1048576K
}

