# JRE version: OpenJDK Runtime Environment (8.0_76-b03) (build 1.8.0_76-release-b03)
# Java VM: OpenJDK 64-Bit Server VM (25.76-b03 mixed mode windows-amd64 compressed oops)
Heap:
 PSYoungGen      total 161280K, used 51841K [0x00000000eab00000, 0x00000000f6d80000, 0x0000000100000000)
  eden space 124928K, 12% used [0x00000000eab00000,0x00000000eba207a0,0x00000000f2500000)
  from space 36352K, 99% used [0x00000000f4a00000,0x00000000f6d7fca0,0x00000000f6d80000)
  to   space 32256K, 0% used [0x00000000f2500000,0x00000000f2500000,0x00000000f4480000)
 ParOldGen       total 111616K, used 61065K [0x00000000c0000000, 0x00000000c6d00000, 0x00000000eab00000)
  object space 111616K, 54% used [0x00000000c0000000,0x00000000c3ba2410,0x00000000c6d00000)
 Metaspace       used 6065K, capacity 7152K, committed 7296K, reserved 1056768K
  class space    used 568K, capacity 616K, committed 640K, reserved 1048576K
GC Heap History (10 events):
Event: 9.036 GC heap before
{Heap before GC invocations=5 (full 0):
 PSYoungGen      total 71680K, used 71650K [0x00000000eab00000, 0x00000000ef600000, 0x0000000100000000)
  eden space 66560K, 100% used [0x00000000eab00000,0x00000000eec00000,0x00000000eec00000)
  from space 5120K, 99% used [0x00000000ef100000,0x00000000ef5f8948,0x00000000ef600000)
  to   space 5120K, 0% used [0x00000000eec00000,0x00000000eec00000,0x00000000ef100000)
 ParOldGen       total 87552K, used 46385K [0x00000000c0000000, 0x00000000c5580000, 0x00000000eab00000)
  object space 87552K, 52% used [0x00000000c0000000,0x00000000c2d4c5d8,0x00000000c5580000)
 Metaspace       used 5881K, capacity 7024K, committed 7296K, reserved 1056768K
  class space    used 565K, capacity 616K, committed 640K, reserved 1048576K
Event: 9.262 GC heap after
Heap after GC invocations=5 (full 0):
 PSYoungGen      total 71680K, used 5090K [0x00000000eab00000, 0x00000000f6a00000, 0x0000000100000000)
  eden space 66560K, 0% used [0x00000000eab00000,0x00000000eab00000,0x00000000eec00000)
  from space 5120K, 99% used [0x00000000eec00000,0x00000000ef0f8b50,0x00000000ef100000)
  to   space 31232K, 0% used [0x00000000f4b80000,0x00000000f4b80000,0x00000000f6a00000)
 ParOldGen       total 87552K, used 70077K [0x00000000c0000000, 0x00000000c5580000, 0x00000000eab00000)
  object space 87552K, 80% used [0x00000000c0000000,0x00000000c446f6f8,0x00000000c5580000)
 Metaspace       used 5881K, capacity 7024K, committed 7296K, reserved 1056768K
  class space    used 565K, capacity 616K, committed 640K, reserved 1048576K
}
Event: 9.262 GC heap before
{Heap before GC invocations=6 (full 1):
 PSYoungGen      total 71680K, used 5090K [0x00000000eab00000, 0x00000000f6a00000, 0x0000000100000000)
  eden space 66560K, 0% used [0x00000000eab00000,0x00000000eab00000,0x00000000eec00000)
  from space 5120K, 99% used [0x00000000eec00000,0x00000000ef0f8b50,0x00000000ef100000)
  to   space 31232K, 0% used [0x00000000f4b80000,0x00000000f4b80000,0x00000000f6a00000)
 ParOldGen       total 87552K, used 70077K [0x00000000c0000000, 0x00000000c5580000, 0x00000000eab00000)
  object space 87552K, 80% used [0x00000000c0000000,0x00000000c446f6f8,0x00000000c5580000)
 Metaspace       used 5881K, capacity 7024K, committed 7296K, reserved 1056768K
  class space    used 565K, capacity 616K, committed 640K, reserved 1048576K
Event: 11.618 GC heap after
Heap after GC invocations=6 (full 1):
 PSYoungGen      total 71680K, used 0K [0x00000000eab00000, 0x00000000f6a00000, 0x0000000100000000)
  eden space 66560K, 0% used [0x00000000eab00000,0x00000000eab00000,0x00000000eec00000)
  from space 5120K, 0% used [0x00000000eec00000,0x00000000eec00000,0x00000000ef100000)
  to   space 31232K, 0% used [0x00000000f4b80000,0x00000000f4b80000,0x00000000f6a00000)
 ParOldGen       total 111616K, used 30757K [0x00000000c0000000, 0x00000000c6d00000, 0x00000000eab00000)
  object space 111616K, 27% used [0x00000000c0000000,0x00000000c1e096e0,0x00000000c6d00000)
 Metaspace       used 5881K, capacity 7024K, committed 7296K, reserved 1056768K
  class space    used 565K, capacity 616K, committed 640K, reserved 1048576K
}
Event: 14.065 GC heap before
{Heap before GC invocations=7 (full 1):
 PSYoungGen      total 71680K, used 66560K [0x00000000eab00000, 0x00000000f6a00000, 0x0000000100000000)
  eden space 66560K, 100% used [0x00000000eab00000,0x00000000eec00000,0x00000000eec00000)
  from space 5120K, 0% used [0x00000000eec00000,0x00000000eec00000,0x00000000ef100000)
  to   space 31232K, 0% used [0x00000000f4b80000,0x00000000f4b80000,0x00000000f6a00000)
 ParOldGen       total 111616K, used 30757K [0x00000000c0000000, 0x00000000c6d00000, 0x00000000eab00000)
  object space 111616K, 27% used [0x00000000c0000000,0x00000000c1e096e0,0x00000000c6d00000)
 Metaspace       used 5928K, capacity 7024K, committed 7296K, reserved 1056768K
  class space    used 566K, capacity 616K, committed 640K, reserved 1048576K
Event: 14.596 GC heap after
Heap after GC invocations=7 (full 1):
 PSYoungGen      total 115712K, used 24688K [0x00000000eab00000, 0x00000000f6400000, 0x0000000100000000)
  eden space 90624K, 0% used [0x00000000eab00000,0x00000000eab00000,0x00000000f0380000)
  from space 25088K, 98% used [0x00000000f4b80000,0x00000000f639c3a0,0x00000000f6400000)
  to   space 32256K, 0% used [0x00000000f2500000,0x00000000f2500000,0x00000000f4480000)
 ParOldGen       total 111616K, used 30765K [0x00000000c0000000, 0x00000000c6d00000, 0x00000000eab00000)
  object space 111616K, 27% used [0x00000000c0000000,0x00000000c1e0b6e0,0x00000000c6d00000)
 Metaspace       used 5928K, capacity 7024K, committed 7296K, reserved 1056768K
  class space    used 566K, capacity 616K, committed 640K, reserved 1048576K
}
Event: 16.807 GC heap before
{Heap before GC invocations=8 (full 1):
 PSYoungGen      total 115712K, used 115312K [0x00000000eab00000, 0x00000000f6400000, 0x0000000100000000)
  eden space 90624K, 100% used [0x00000000eab00000,0x00000000f0380000,0x00000000f0380000)
  from space 25088K, 98% used [0x00000000f4b80000,0x00000000f639c3a0,0x00000000f6400000)
  to   space 32256K, 0% used [0x00000000f2500000,0x00000000f2500000,0x00000000f4480000)
 ParOldGen       total 111616K, used 30765K [0x00000000c0000000, 0x00000000c6d00000, 0x00000000eab00000)
  object space 111616K, 27% used [0x00000000c0000000,0x00000000c1e0b6e0,0x00000000c6d00000)
 Metaspace       used 6037K, capacity 7152K, committed 7296K, reserved 1056768K
  class space    used 566K, capacity 616K, committed 640K, reserved 1048576K
Event: 17.298 GC heap after
Heap after GC invocations=8 (full 1):
 PSYoungGen      total 157184K, used 30782K [0x00000000eab00000, 0x00000000f6d80000, 0x0000000100000000)
  eden space 124928K, 0% used [0x00000000eab00000,0x00000000eab00000,0x00000000f2500000)
  from space 32256K, 95% used [0x00000000f2500000,0x00000000f430f990,0x00000000f4480000)
  to   space 36352K, 0% used [0x00000000f4a00000,0x00000000f4a00000,0x00000000f6d80000)
 ParOldGen       total 111616K, used 30773K [0x00000000c0000000, 0x00000000c6d00000, 0x00000000eab00000)
  object space 111616K, 27% used [0x00000000c0000000,0x00000000c1e0d6e0,0x00000000c6d00000)
 Metaspace       used 6037K, capacity 7152K, committed 7296K, reserved 1056768K
  class space    used 566K, capacity 616K, committed 640K, reserved 1048576K
}
Event: 20.491 GC heap before
{Heap before GC invocations=9 (full 1):
 PSYoungGen      total 157184K, used 155710K [0x00000000eab00000, 0x00000000f6d80000, 0x0000000100000000)
  eden space 124928K, 100% used [0x00000000eab00000,0x00000000f2500000,0x00000000f2500000)
  from space 32256K, 95% used [0x00000000f2500000,0x00000000f430f990,0x00000000f4480000)
  to   space 36352K, 0% used [0x00000000f4a00000,0x00000000f4a00000,0x00000000f6d80000)
 ParOldGen       total 111616K, used 30773K [0x00000000c0000000, 0x00000000c6d00000, 0x00000000eab00000)
  object space 111616K, 27% used [0x00000000c0000000,0x00000000c1e0d6e0,0x00000000c6d00000)
 Metaspace       used 6065K, capacity 7152K, committed 7296K, reserved 1056768K
  class space    used 568K, capacity 616K, committed 640K, reserved 1048576K
Event: 20.804 GC heap after
Heap after GC invocations=9 (full 1):
 PSYoungGen      total 161280K, used 36351K [0x00000000eab00000, 0x00000000f6d80000, 0x0000000100000000)
  eden space 124928K, 0% used [0x00000000eab00000,0x00000000eab00000,0x00000000f2500000)
  from space 36352K, 99% used [0x00000000f4a00000,0x00000000f6d7fca0,0x00000000f6d80000)
  to   space 32256K, 0% used [0x00000000f2500000,0x00000000f2500000,0x00000000f4480000)
 ParOldGen       total 111616K, used 61065K [0x00000000c0000000, 0x00000000c6d00000, 0x00000000eab00000)
  object space 111616K, 54% used [0x00000000c0000000,0x00000000c3ba2410,0x00000000c6d00000)
 Metaspace       used 6065K, capacity 7152K, committed 7296K, reserved 1056768K
  class space    used 568K, capacity 616K, committed 640K, reserved 1048576K
}

